2025-09-24 01:46:09 info: Forbidden words cache has been updated.
2025-09-24 01:49:30 info: Forbidden words cache has been updated.
2025-09-24 02:03:48 info: Forbidden words cache has been updated.
2025-09-24 02:06:30 info: Forbidden words cache has been updated.
2025-09-24 02:06:46 info: Forbidden words cache has been updated.
2025-09-24 02:10:14 info: Forbidden words cache has been updated.
2025-09-24 02:14:55 info: Forbidden words cache has been updated.
2025-09-24 02:16:08 info: Socket connected: admin
2025-09-24 02:16:15 info: Profile photo deleted: admin
2025-09-24 02:16:27 info: Profile updated: admin -> 소개: 없음 -> 관리자 계정입니다.
2025-09-24 02:16:27 info: Profile photo deleted: admin
2025-09-24 02:46:50 info: Socket connected: admin
2025-09-24 02:47:45 info: Admin updated user memo: admin -> user admin memo updated
2025-09-24 02:47:49 info: Admin updated user memo: admin -> user admin memo updated
2025-09-24 02:50:16 info: Forbidden words cache has been updated.
2025-09-24 02:50:16 info: Admin added forbidden word: admin -> added "부엉이"
2025-09-24 02:50:20 info: Forbidden words cache has been updated.
2025-09-24 02:50:20 info: Admin added forbidden word: admin -> added "부엉"
2025-09-24 02:50:27 info: Forbidden words cache has been updated.
2025-09-24 02:50:27 info: Admin added forbidden word: admin -> added "booung"
2025-09-24 02:50:33 info: Forbidden words cache has been updated.
2025-09-24 02:50:33 info: Admin added forbidden word: admin -> added "buaung"
2025-09-24 02:50:43 info: Forbidden words cache has been updated.
2025-09-24 02:50:43 info: Admin added forbidden word: admin -> added "부-엉"
2025-09-24 02:51:03 info: Forbidden words cache has been updated.
2025-09-24 02:51:03 info: Admin added forbidden word: admin -> added "씹-창"
2025-09-24 02:51:07 info: Forbidden words cache has been updated.
2025-09-24 02:51:07 info: Admin added forbidden word: admin -> added "십-창"
2025-09-24 02:52:08 info: Socket connected: admin
2025-09-24 02:54:20 info: Forbidden words cache has been updated.
2025-09-24 19:40:38 info: Forbidden words cache has been updated.
2025-09-24 19:41:00 info: [LOGIN][REQ] username=admin
2025-09-24 19:41:00 info: [LOGIN][OK] admin
2025-09-24 19:43:37 info: Forbidden words cache has been updated.
2025-09-24 19:43:48 info: Forbidden words cache has been updated.
2025-09-24 19:43:58 info: Forbidden words cache has been updated.
2025-09-24 19:44:07 info: Forbidden words cache has been updated.
2025-09-24 20:00:35 info: Admin updated user memo: admin -> user admin memo updated
2025-09-24 20:15:56 info: Forbidden words cache has been updated.
2025-09-24 20:18:18 info: Forbidden words cache has been updated.
2025-09-24 20:19:09 info: Forbidden words cache has been updated.
2025-09-24 20:29:16 info: Forbidden words cache has been updated.
2025-09-24 20:40:03 info: Forbidden words cache has been updated.
2025-09-24 20:40:53 info: Forbidden words cache has been updated.
2025-09-24 20:47:51 info: Forbidden words cache has been updated.
2025-09-24 20:48:57 info: Logout: superadmin
2025-09-24 20:49:00 info: [LOGIN][REQ] username=admin
2025-09-24 20:49:00 info: [LOGIN][REQ] username=admin
2025-09-24 20:49:01 info: [LOGIN][REQ] username=admin
2025-09-24 20:49:01 info: [LOGIN][REQ] username=admin
2025-09-24 20:49:16 info: [LOGIN][REQ] username=admin
2025-09-24 20:49:16 info: [LOGIN][OK] admin
2025-09-24 20:49:53 info: Forbidden words cache has been updated.
2025-09-24 20:50:19 info: Forbidden words cache has been updated.
2025-09-24 20:54:02 info: Forbidden words cache has been updated.
2025-09-24 20:55:11 info: Forbidden words cache has been updated.
2025-09-24 20:56:54 info: Forbidden words cache has been updated.
2025-09-24 21:01:22 info: Forbidden words cache has been updated.
2025-09-24 21:04:05 info: Forbidden words cache has been updated.
2025-09-24 21:09:04 info: Forbidden words cache has been updated.
2025-09-24 21:41:38 info: Forbidden words cache has been updated.
2025-09-24 21:49:27 info: Forbidden words cache has been updated.
2025-09-24 21:49:30 info: Forbidden words cache has been updated.
2025-09-24 21:59:34 info: Forbidden words cache has been updated.
2025-09-24 21:59:45 info: Forbidden words cache has been updated.
2025-09-24 22:00:38 info: Forbidden words cache has been updated.
2025-09-24 22:00:50 info: Forbidden words cache has been updated.
2025-09-24 22:01:07 info: Forbidden words cache has been updated.
2025-09-24 22:01:24 info: Forbidden words cache has been updated.
2025-09-24 22:01:42 info: Forbidden words cache has been updated.
2025-09-24 22:02:03 info: Forbidden words cache has been updated.
2025-09-24 22:03:12 info: Forbidden words cache has been updated.
2025-09-24 22:03:19 info: Forbidden words cache has been updated.
2025-09-24 22:03:34 info: Forbidden words cache has been updated.
2025-09-24 22:03:48 info: Forbidden words cache has been updated.
2025-09-24 22:04:27 info: Forbidden words cache has been updated.
2025-09-24 22:05:29 info: Forbidden words cache has been updated.
2025-09-24 22:05:45 info: Forbidden words cache has been updated.
2025-09-24 22:06:59 info: Forbidden words cache has been updated.
2025-09-24 22:07:12 info: Forbidden words cache has been updated.
2025-09-24 22:07:44 info: Forbidden words cache has been updated.
2025-09-24 22:07:57 info: Forbidden words cache has been updated.
2025-09-24 22:08:08 info: Forbidden words cache has been updated.
2025-09-24 22:08:31 info: Forbidden words cache has been updated.
2025-09-24 22:08:59 info: Forbidden words cache has been updated.
2025-09-24 22:09:17 info: Forbidden words cache has been updated.
2025-09-24 22:09:33 info: Forbidden words cache has been updated.
2025-09-24 22:09:56 info: Forbidden words cache has been updated.
2025-09-24 22:10:19 info: Forbidden words cache has been updated.
2025-09-24 22:11:07 info: Forbidden words cache has been updated.
2025-09-24 22:11:22 info: Forbidden words cache has been updated.
2025-09-24 22:11:33 info: Forbidden words cache has been updated.
2025-09-24 22:12:01 info: Forbidden words cache has been updated.
2025-09-24 22:12:43 info: Forbidden words cache has been updated.
2025-09-24 22:13:03 info: Forbidden words cache has been updated.
2025-09-24 22:13:45 info: Forbidden words cache has been updated.
2025-09-24 22:15:30 info: Forbidden words cache has been updated.
2025-09-24 22:15:47 info: Forbidden words cache has been updated.
2025-09-24 22:33:48 info: Forbidden words cache has been updated.
2025-09-24 22:34:10 info: Forbidden words cache has been updated.
2025-09-24 22:34:52 info: Forbidden words cache has been updated.
2025-09-24 22:35:43 info: Forbidden words cache has been updated.
2025-09-24 22:36:02 info: Forbidden words cache has been updated.
2025-09-24 22:36:34 info: Forbidden words cache has been updated.
2025-09-24 23:10:44 info: Forbidden words cache has been updated.
2025-09-24 23:14:00 info: Forbidden words cache has been updated.
2025-09-24 23:14:48 info: Forbidden words cache has been updated.
2025-09-24 23:15:13 info: Forbidden words cache has been updated.
2025-09-24 23:15:41 info: Forbidden words cache has been updated.
2025-09-24 23:18:54 info: Forbidden words cache has been updated.
2025-09-24 23:28:58 info: Forbidden words cache has been updated.
2025-09-24 23:39:09 info: Socket connected: admin
