2025-09-27 00:36:42 info: Forbidden words cache has been updated.
2025-09-27 01:00:26 info: Socket connected: admin
2025-09-27 01:00:32 info: Personal chat room ready: admin <-> test
2025-09-27 01:01:01 info: Socket connected: admin
2025-09-27 01:02:40 info: Chat image uploaded: admin -> chat_admin_1758902560903.png
2025-09-27 01:02:44 info: Logout: admin
2025-09-27 01:02:53 info: [LOGIN][REQ] username=test
2025-09-27 01:02:54 info: [LOGIN][REQ] username=test
2025-09-27 01:03:17 info: Signup success: test (test)
2025-09-27 01:03:21 info: [LOGIN][REQ] username=test
2025-09-27 01:03:23 info: [LOGIN][REQ] username=test
2025-09-27 01:03:23 info: [LOGIN][OK] test
2025-09-27 01:03:28 info: Socket connected: test
2025-09-27 01:03:36 info: Personal chat room ready: test <-> admin
2025-09-27 01:03:41 info: Socket connected: test
2025-09-27 01:03:52 info: Chat image uploaded: test -> chat_test_1758902632196.png
2025-09-27 01:03:55 info: Logout: test
2025-09-27 01:03:56 info: [LOGIN][REQ] username=admin
2025-09-27 01:03:56 info: [LOGIN][OK] admin
2025-09-27 01:03:57 info: Socket connected: admin
2025-09-27 01:16:12 info: Personal chat room ready: admin <-> shher
2025-09-27 01:19:12 info: Forbidden words cache has been updated.
2025-09-27 01:19:13 info: Socket connected: admin
2025-09-27 01:20:21 info: Forbidden words cache has been updated.
2025-09-27 01:20:22 info: Socket connected: admin
2025-09-27 01:20:40 info: Forbidden words cache has been updated.
2025-09-27 01:20:41 info: Socket connected: admin
2025-09-27 01:21:38 info: Forbidden words cache has been updated.
2025-09-27 01:21:39 info: Socket connected: admin
2025-09-27 01:25:56 info: Forbidden words cache has been updated.
2025-09-27 01:26:00 info: Socket connected: admin
2025-09-27 01:30:20 info: Forbidden words cache has been updated.
2025-09-27 01:30:21 info: Socket connected: admin
2025-09-27 01:31:45 info: Socket connected: admin
2025-09-27 01:32:52 info: Chat image uploaded: admin -> chat_admin_1758904372453.png
2025-09-27 01:33:37 info: Socket connected: admin
2025-09-27 01:37:01 error: Add forbidden word error
2025-09-27 01:53:56 info: Forbidden words cache has been updated.
2025-09-27 01:54:01 info: Socket connected: admin
2025-09-27 01:57:34 info: Forbidden words cache has been updated.
2025-09-27 01:57:34 info: Socket connected: admin
2025-09-27 01:57:54 info: Forbidden words cache has been updated.
2025-09-27 01:57:54 info: Socket connected: admin
2025-09-27 01:58:23 info: Forbidden words cache has been updated.
2025-09-27 01:58:24 info: Socket connected: admin
2025-09-27 02:01:02 info: Forbidden words cache has been updated.
2025-09-27 14:09:43 info: Forbidden words cache has been updated.
2025-09-27 14:51:12 info: Socket connected: admin
2025-09-27 14:51:23 info: Socket connected: admin
2025-09-27 14:53:12 info: Socket connected: admin
2025-09-27 14:53:12 info: Socket connected: admin
2025-09-27 14:53:19 info: Socket connected: admin
2025-09-27 14:53:23 info: Socket connected: admin
2025-09-27 14:53:24 info: Socket connected: admin
2025-09-27 14:53:26 info: Socket connected: admin
2025-09-27 14:53:26 info: Socket connected: admin
2025-09-27 14:53:28 info: Socket connected: admin
2025-09-27 14:54:09 info: [LOGIN][REQ] username=thwjd.12
2025-09-27 14:54:11 info: [LOGIN][REQ] username=thwjd.12
2025-09-27 14:54:43 info: Signup success: thwjd.12 (소정)
2025-09-27 14:54:45 info: Socket connected: admin
2025-09-27 14:54:53 info: [LOGIN][REQ] username=thwjd.12
2025-09-27 14:54:53 info: [LOGIN][OK] thwjd.12
2025-09-27 14:55:03 info: Profile updated: thwjd.12 -> 소개: 없음 -> 자기소개가 없습니다.
2025-09-27 14:55:05 info: Socket connected: thwjd.12
2025-09-27 14:55:43 info: Socket connected: admin
2025-09-27 14:55:48 info: Socket connected: thwjd.12
2025-09-27 14:55:52 info: Personal chat room ready: thwjd.12 <-> admin
2025-09-27 14:56:33 info: Socket connected: thwjd.12
2025-09-27 14:57:00 info: Socket connected: thwjd.12
2025-09-27 14:57:58 info: Post soft-deleted: 68d555ec39575bf6c3935dee
2025-09-27 14:58:04 info: Socket connected: admin
2025-09-27 14:58:18 info: Post soft-deleted: 68d56200ff4f3b8661bc432d
2025-09-27 14:59:45 info: Socket connected: thwjd.12
2025-09-27 15:03:04 info: Socket connected: admin
2025-09-27 15:03:09 info: Chat Message Reported: reporter admin, message 68d77cb61560aa5853e2a4c9
2025-09-27 15:03:17 info: Report action applied: 68d77e1d1560aa5853e2a585
2025-09-27 15:14:53 info: Logout: admin
2025-09-27 15:16:07 warn: Signup blocked - over 3 accounts from one browser: 허연우, 연우, test / 시도: test
2025-09-27 15:16:09 warn: Signup blocked - over 3 accounts from one browser: 허연우, 연우, test / 시도: test
2025-09-27 15:27:08 info: Forbidden words cache has been updated.
2025-09-27 15:27:18 info: Forbidden words cache has been updated.
2025-09-27 15:30:23 info: Forbidden words cache has been updated.
2025-09-27 15:30:32 info: Forbidden words cache has been updated.
2025-09-27 15:30:38 info: Forbidden words cache has been updated.
2025-09-27 15:30:43 info: Forbidden words cache has been updated.
2025-09-27 15:31:06 info: Forbidden words cache has been updated.
2025-09-27 15:31:36 info: Forbidden words cache has been updated.
2025-09-27 15:31:53 info: Forbidden words cache has been updated.
2025-09-27 16:59:08 info: [LOGIN][REQ] username=admin
2025-09-27 16:59:08 info: [LOGIN][OK] admin
2025-09-27 17:23:41 info: Forbidden words cache has been updated.
2025-09-27 17:24:54 info: Forbidden words cache has been updated.
2025-09-27 17:35:00 info: Forbidden words cache has been updated.
2025-09-27 17:35:04 info: Forbidden words cache has been updated.
2025-09-27 17:45:49 info: Forbidden words cache has been updated.
2025-09-27 17:50:17 info: Forbidden words cache has been updated.
2025-09-27 17:54:31 info: Forbidden words cache has been updated.
2025-09-27 17:55:49 info: Forbidden words cache has been updated.
2025-09-27 17:56:07 info: Post notice toggled: 68d543530b882ac11c2e2255
2025-09-27 17:56:10 info: Post notice toggled: 68d543530b882ac11c2e2255
2025-09-27 17:56:12 info: Post notice toggled: 68d543530b882ac11c2e2255
2025-09-27 17:56:16 info: Post notice toggled: 68d543530b882ac11c2e2255
2025-09-27 17:59:24 info: Forbidden words cache has been updated.
2025-09-27 18:42:44 info: Forbidden words cache has been updated.
2025-09-27 18:42:51 info: Forbidden words cache has been updated.
2025-09-27 18:48:55 info: Forbidden words cache has been updated.
2025-09-27 18:49:51 info: Forbidden words cache has been updated.
2025-09-27 18:58:36 info: Forbidden words cache has been updated.
2025-09-27 18:59:31 info: Forbidden words cache has been updated.
2025-09-27 19:00:39 info: Forbidden words cache has been updated.
2025-09-27 19:01:03 info: Forbidden words cache has been updated.
2025-09-27 19:01:44 info: Forbidden words cache has been updated.
2025-09-27 19:02:13 info: Forbidden words cache has been updated.
2025-09-27 19:02:24 info: Forbidden words cache has been updated.
2025-09-27 19:02:36 info: Forbidden words cache has been updated.
2025-09-27 19:02:54 info: Forbidden words cache has been updated.
2025-09-27 19:03:22 info: Forbidden words cache has been updated.
2025-09-27 19:03:38 info: Forbidden words cache has been updated.
2025-09-27 19:03:56 info: Forbidden words cache has been updated.
2025-09-27 19:06:25 info: Forbidden words cache has been updated.
2025-09-27 19:07:16 info: Forbidden words cache has been updated.
2025-09-27 19:10:08 info: Forbidden words cache has been updated.
2025-09-27 19:11:02 info: Forbidden words cache has been updated.
2025-09-27 19:14:04 info: Forbidden words cache has been updated.
2025-09-27 19:20:10 info: User memo updated: 68d77c231560aa5853e2a456
2025-09-27 19:28:17 info: Forbidden words cache has been updated.
2025-09-27 19:30:20 info: Forbidden words cache has been updated.
2025-09-27 19:31:11 info: Forbidden words cache has been updated.
2025-09-27 19:33:14 info: Forbidden words cache has been updated.
2025-09-27 19:33:56 info: Forbidden words cache has been updated.
2025-09-27 19:35:41 info: Forbidden words cache has been updated.
2025-09-27 19:54:31 info: Forbidden words cache has been updated.
2025-09-27 19:54:49 info: Forbidden words cache has been updated.
2025-09-27 19:56:21 info: Forbidden words cache has been updated.
2025-09-27 19:56:23 info: Socket connected: admin
2025-09-27 19:57:04 info: Forbidden words cache has been updated.
2025-09-27 19:57:05 info: Socket connected: admin
2025-09-27 19:57:17 info: Socket connected: admin
2025-09-27 19:57:17 info: Socket connected: admin
2025-09-27 19:57:18 info: Socket connected: admin
2025-09-27 19:57:18 info: Socket connected: admin
2025-09-27 19:57:18 info: Socket connected: admin
2025-09-27 19:57:18 info: Socket connected: admin
2025-09-27 19:57:18 info: Socket connected: admin
2025-09-27 19:57:19 info: Socket connected: admin
2025-09-27 19:57:24 info: Forbidden words cache has been updated.
2025-09-27 19:57:25 info: Socket connected: admin
2025-09-27 19:58:01 info: [LOGIN][REQ] username=shher
2025-09-27 19:58:01 info: [LOGIN][OK] shher
2025-09-27 19:58:11 info: Socket connected: shher
2025-09-27 19:58:27 info: Chat image uploaded: shher -> chat_shher_1758970706968.jpg
2025-09-27 20:11:33 info: Forbidden words cache has been updated.
2025-09-27 20:11:35 info: Socket connected: admin
2025-09-27 20:14:18 info: Forbidden words cache has been updated.
2025-09-27 20:14:20 info: Socket connected: admin
2025-09-27 20:14:30 info: Forbidden words cache has been updated.
2025-09-27 20:14:32 info: Socket connected: admin
2025-09-27 20:17:09 info: Forbidden words cache has been updated.
2025-09-27 20:17:11 info: Socket connected: admin
2025-09-27 20:17:18 info: Forbidden words cache has been updated.
2025-09-27 20:17:20 info: Socket connected: admin
2025-09-27 20:17:37 info: Forbidden words cache has been updated.
2025-09-27 20:17:38 info: Socket connected: admin
2025-09-27 20:18:02 info: Forbidden words cache has been updated.
2025-09-27 20:18:02 info: Socket connected: admin
2025-09-27 20:19:17 info: Socket connected: admin
2025-09-27 20:19:17 info: Forbidden words cache has been updated.
2025-09-27 20:19:34 info: Forbidden words cache has been updated.
2025-09-27 20:19:35 info: Socket connected: admin
2025-09-27 20:19:51 info: Forbidden words cache has been updated.
2025-09-27 20:19:51 info: Socket connected: admin
2025-09-27 20:19:56 info: Forbidden words cache has been updated.
2025-09-27 20:19:56 info: Socket connected: admin
2025-09-27 20:20:13 info: Forbidden words cache has been updated.
2025-09-27 20:20:13 info: Socket connected: admin
2025-09-27 20:21:02 info: Forbidden words cache has been updated.
2025-09-27 20:21:04 info: Socket connected: admin
2025-09-27 20:21:21 info: Forbidden words cache has been updated.
2025-09-27 20:21:21 info: Socket connected: admin
2025-09-27 20:24:08 info: Forbidden words cache has been updated.
2025-09-27 20:24:10 info: Socket connected: admin
2025-09-27 20:24:26 info: Forbidden words cache has been updated.
2025-09-27 20:24:26 info: Socket connected: admin
2025-09-27 20:26:05 info: Forbidden words cache has been updated.
2025-09-27 20:26:06 info: Socket connected: admin
2025-09-27 20:26:28 info: Forbidden words cache has been updated.
2025-09-27 20:26:29 info: Socket connected: admin
2025-09-27 20:26:43 info: Forbidden words cache has been updated.
2025-09-27 20:26:45 info: Socket connected: admin
2025-09-27 20:27:01 info: Forbidden words cache has been updated.
2025-09-27 20:27:01 info: Socket connected: admin
2025-09-27 20:27:17 info: Forbidden words cache has been updated.
2025-09-27 20:27:19 info: Socket connected: admin
2025-09-27 20:27:36 info: Forbidden words cache has been updated.
2025-09-27 20:27:37 info: Socket connected: admin
2025-09-27 20:28:07 info: Forbidden words cache has been updated.
2025-09-27 20:28:07 info: Socket connected: admin
2025-09-27 20:28:33 info: Forbidden words cache has been updated.
2025-09-27 20:28:33 info: Socket connected: admin
2025-09-27 20:29:11 info: Forbidden words cache has been updated.
2025-09-27 20:29:12 info: Socket connected: admin
2025-09-27 20:29:29 info: Forbidden words cache has been updated.
2025-09-27 20:29:30 info: Socket connected: admin
2025-09-27 20:29:48 info: Forbidden words cache has been updated.
2025-09-27 20:29:48 info: Socket connected: admin
2025-09-27 20:30:17 info: Forbidden words cache has been updated.
2025-09-27 20:30:18 info: Socket connected: admin
2025-09-27 20:30:57 info: Forbidden words cache has been updated.
2025-09-27 20:31:00 info: Socket connected: admin
2025-09-27 20:31:23 info: Forbidden words cache has been updated.
2025-09-27 20:31:25 info: Socket connected: admin
2025-09-27 20:31:51 info: Socket connected: admin
2025-09-27 20:31:51 info: Forbidden words cache has been updated.
2025-09-27 20:38:16 info: Forbidden words cache has been updated.
2025-09-27 20:38:17 info: Socket connected: admin
2025-09-27 20:38:26 info: Forbidden words cache has been updated.
2025-09-27 20:38:27 info: Socket connected: admin
2025-09-27 20:43:11 info: Logout: admin
2025-09-27 20:43:21 info: [LOGIN][REQ] username=admin
2025-09-27 20:43:21 info: [LOGIN][OK] admin
2025-09-27 20:43:24 info: [LOGIN][REQ] username=admin
2025-09-27 20:43:25 info: [LOGIN][OK] admin
2025-09-27 20:43:58 info: Password changed: admin
2025-09-27 20:44:02 info: Logout: admin
2025-09-27 20:44:03 info: [LOGIN][REQ] username=admin
2025-09-27 20:44:03 info: [LOGIN][OK] admin
2025-09-27 20:44:10 info: New inquiry submitted: admin -> bug_report: "ㅂㄷㄱㅈ" 
2025-09-27 20:44:29 info: Logout: admin
2025-09-27 20:44:38 info: Signup success: .test (test) owner=허연우 order=4 ip=172.30.1.254
2025-09-27 20:44:42 info: [LOGIN][REQ] username=test
2025-09-27 20:44:49 info: Signup success: test (test) owner=허연우 order=5 ip=172.30.1.254
2025-09-27 20:44:53 info: [LOGIN][REQ] username=test
2025-09-27 20:44:53 info: [LOGIN][OK] test
2025-09-27 20:45:12 info: Logout: test
2025-09-27 20:45:15 info: [LOGIN][REQ] username=admin
2025-09-27 20:45:15 info: [LOGIN][OK] admin
2025-09-27 20:45:29 info: User deleted: 68d7ce26979b5285975f5b5b
2025-09-27 20:54:47 info: Forbidden words cache has been updated.
2025-09-27 20:56:23 info: Forbidden words cache has been updated.
2025-09-27 21:01:43 info: Forbidden words cache has been updated.
