2025-09-27T05:56:44.048Z info: [CHAT][socket] room=68d77c681560aa5853e2a488 from=thwjd.12 type=text message=허연우다
2025-09-27T05:57:03.674Z info: [CHAT][socket] room=68d77c681560aa5853e2a488 from=admin type=text message=dh
2025-09-27T05:57:05.077Z info: [CHAT][socket] room=68d77c681560aa5853e2a488 from=admin type=text message=오
2025-09-27T05:57:08.398Z info: [CHAT][socket] room=68d77c681560aa5853e2a488 from=admin type=text message=됐다
2025-09-27T05:57:10.657Z info: [CHAT][socket] room=68d77c681560aa5853e2a488 from=thwjd.12 type=text message=어메이징
2025-09-27T05:57:19.562Z info: [CHAT][socket] room=68d77c681560aa5853e2a488 from=admin type=text message=ㅋㅋ
2025-09-27T05:57:21.774Z info: [CHAT][socket] room=68d77c681560aa5853e2a488 from=admin type=text message=나이스
2025-09-27T05:57:31.738Z info: [CHAT][socket] room=68d77c681560aa5853e2a488 from=thwjd.12 type=text message=ㅋㅋㅋㅋ
2025-09-27T06:14:53.401Z info: 로그아웃: admin
2025-09-27T10:58:20.832Z info: [CHAT][socket] room=68d6bc4c3242b59dac6dbff5 from=shher type=text message=fjdhhs
2025-09-27T10:58:27.434Z info: [CHAT][socket] room=68d6bc4c3242b59dac6dbff5 from=shher type=image message=[IMAGE]/uploads/chat/chat_shher_1758970706968.jpg
2025-09-27T11:43:11.229Z info: 로그아웃: admin
2025-09-27T11:43:58.068Z info: 비밀번호 변경 성공
2025-09-27T11:44:02.024Z info: 로그아웃: admin
2025-09-27T11:44:10.996Z info: 문의 제출: bug_report - "ㅂㄷㄱㅈ" 
2025-09-27T11:44:29.170Z info: 로그아웃: admin
2025-09-27T18:01:36.613Z info: 로그아웃: admin
2025-09-27T18:16:29.467Z info: 로그아웃: admin
2025-09-27T18:19:38.976Z info: 로그아웃: admin
2025-09-27T18:31:55.267Z info: 로그아웃: admin
