2025-09-14T04:36:40.185Z info: 채팅 이미지 업로드: chat_admin_20250914043640.png
2025-09-14T04:36:43.253Z info: 채팅 이미지 업로드: chat_admin_20250914043643.png
2025-09-14T04:36:45.679Z info: 채팅 이미지 업로드: chat_admin_20250914043645.png
2025-09-14T04:42:28.452Z info: 채팅 이미지 업로드: chat_admin_20250914044228.png
2025-09-14T04:42:31.033Z info: 채팅 이미지 업로드: chat_admin_20250914044231.png
2025-09-14T04:46:06.159Z info: 채팅 이미지 업로드: chat_admin_20250914044606.png
2025-09-14T04:46:09.057Z info: 채팅 이미지 업로드: chat_admin_20250914044609.png
2025-09-14T04:46:30.659Z info: 채팅 다중 이미지 업로드: chat_admin_20250914044630.png
2025-09-14T04:46:30.660Z info: 채팅 다중 이미지 업로드: chat_admin_20250914044630.png
2025-09-14T04:46:30.661Z info: 채팅 다중 이미지 업로드: chat_admin_20250914044630.png
2025-09-14T04:46:30.664Z info: 채팅 다중 이미지 업로드: chat_admin_20250914044630.png
2025-09-14T04:46:30.662Z info: 채팅 다중 이미지 업로드: chat_admin_20250914044630.png
2025-09-14T04:46:30.664Z info: 채팅 다중 이미지 업로드: chat_admin_20250914044630.png
2025-09-14T04:46:30.663Z info: 채팅 다중 이미지 업로드: chat_admin_20250914044630.png
2025-09-14T04:46:30.665Z info: 채팅 다중 이미지 업로드: chat_admin_20250914044630.png
2025-09-14T04:46:30.666Z info: 채팅 다중 이미지 업로드: chat_admin_20250914044630.png
2025-09-14T04:46:30.667Z info: 채팅 다중 이미지 업로드: chat_admin_20250914044630.png
2025-09-14T07:47:19.713Z info: 채팅 이미지 업로드: chat_admin_1757836039707.png
2025-09-14T10:13:44.375Z info: 게시글 작성: 68c69558543f6a9f7f17d3c6
2025-09-14T10:39:05.682Z info: 게시글 작성: 68c69b491e24ad325a844fee
2025-09-14T13:16:51.603Z info: 게시글 작성: 68c6c04310df1d66e88d7cbb
2025-09-14T13:26:14.347Z info: 게시글 삭제: 68c6c04310df1d66e88d7cbb
2025-09-14T13:44:04.689Z info: 댓글 작성: 게시글 "심한말 테스트" (68c69b491e24ad325a844fee)
2025-09-14T13:47:25.241Z info: 문의 제출: bug_report - "wrf" 
2025-09-14T14:13:29.474Z info: 로그아웃: admin
